app/build/outputs/mapping/release/seeds.txt
pro.kisscat.www.bookmarkhelper.R$anim
pro.kisscat.www.bookmarkhelper.R$anim: int abc_fade_in
pro.kisscat.www.bookmarkhelper.R$anim: int abc_fade_out
pro.kisscat.www.bookmarkhelper.R$anim: int abc_grow_fade_in_from_bottom
pro.kisscat.www.bookmarkhelper.R$anim: int abc_popup_enter
pro.kisscat.www.bookmarkhelper.R$anim: int abc_popup_exit
pro.kisscat.www.bookmarkhelper.R$anim: int abc_shrink_fade_out_from_bottom
pro.kisscat.www.bookmarkhelper.R$anim: int abc_slide_in_bottom
pro.kisscat.www.bookmarkhelper.R$anim: int abc_slide_in_top
pro.kisscat.www.bookmarkhelper.R$anim: int abc_slide_out_bottom
pro.kisscat.www.bookmarkhelper.R$anim: int abc_slide_out_top
pro.kisscat.www.bookmarkhelper.R$anim: int anim_layout
pro.kisscat.www.bookmarkhelper.R$anim: int design_appbar_state_list_animator
pro.kisscat.www.bookmarkhelper.R$anim: int design_bottom_sheet_slide_in
pro.kisscat.www.bookmarkhelper.R$anim: int design_bottom_sheet_slide_out
pro.kisscat.www.bookmarkhelper.R$anim: int design_fab_in
pro.kisscat.www.bookmarkhelper.R$anim: int design_fab_out
pro.kisscat.www.bookmarkhelper.R$anim: int design_snackbar_in
pro.kisscat.www.bookmarkhelper.R$anim: int design_snackbar_out
pro.kisscat.www.bookmarkhelper.R$anim: int from_bottom_to_top
pro.kisscat.www.bookmarkhelper.R$anim: R$anim()
pro.kisscat.www.bookmarkhelper.R$attr
pro.kisscat.www.bookmarkhelper.R$attr: int actionBarDivider
pro.kisscat.www.bookmarkhelper.R$attr: int actionBarItemBackground
pro.kisscat.www.bookmarkhelper.R$attr: int actionBarPopupTheme
pro.kisscat.www.bookmarkhelper.R$attr: int actionBarSize
pro.kisscat.www.bookmarkhelper.R$attr: int actionBarSplitStyle
pro.kisscat.www.bookmarkhelper.R$attr: int actionBarStyle
pro.kisscat.www.bookmarkhelper.R$attr: int actionBarTabBarStyle
pro.kisscat.www.bookmarkhelper.R$attr: int actionBarTabStyle
pro.kisscat.www.bookmarkhelper.R$attr: int actionBarTabTextStyle
pro.kisscat.www.bookmarkhelper.R$attr: int actionBarTheme
pro.kisscat.www.bookmarkhelper.R$attr: int actionBarWidgetTheme
pro.kisscat.www.bookmarkhelper.R$attr: int actionButtonStyle
pro.kisscat.www.bookmarkhelper.R$attr: int actionDropDownStyle
pro.kisscat.www.bookmarkhelper.R$attr: int actionLayout
pro.kisscat.www.bookmarkhelper.R$attr: int actionMenuTextAppearance
pro.kisscat.www.bookmarkhelper.R$attr: int actionMenuTextColor
pro.kisscat.www.bookmarkhelper.R$attr: int actionModeBackground
pro.kisscat.www.bookmarkhelper.R$attr: int actionModeCloseButtonStyle
pro.kisscat.www.bookmarkhelper.R$attr: int actionModeCloseDrawable
pro.kisscat.www.bookmarkhelper.R$attr: int actionModeCopyDrawable
pro.kisscat.www.bookmarkhelper.R$attr: int actionModeCutDrawable
pro.kisscat.www.bookmarkhelper.R$attr: int actionModeFindDrawable
pro.kisscat.www.bookmarkhelper.R$attr: int actionModePasteDrawable
pro.kisscat.www.bookmarkhelper.R$bool
pro.kisscat.www.bookmarkhelper.R$bool: int abc_action_bar_embed_tabs
pro.kisscat.www.bookmarkhelper.R$bool: int abc_allow_stacked_button_bar
pro.kisscat.www.bookmarkhelper.R$bool: int abc_config_actionMenuItemAllCaps
pro.kisscat.www.bookmarkhelper.R$bool: int abc_config_closeDialogWhenTouchOutside
pro.kisscat.www.bookmarkhelper.R$bool: int abc_config_showMenuShortcutsWhenKeyboardPresent
pro.kisscat.www.bookmarkhelper.R$bool: R$bool()
...
android.support.v4.media.session.MediaSessionCompatApi18$Callback
android.support.v4.media.session.MediaSessionCompatApi18$Callback: void onSeekTo(long)
android.support.v4.media.session.MediaSessionCompatApi18$OnPlaybackPositionUpdateListener
android.support.v4.media.session.MediaSessionCompatApi18$OnPlaybackPositionUpdateListener: android.support.v4.media.session.MediaSessionCompatApi18$Callback mCallback
android.support.v4.media.session.MediaSessionCompatApi18$OnPlaybackPositionUpdateListener: MediaSessionCompatApi18$OnPlaybackPositionUpdateListener(android.support.v4.media.session.MediaSessionCompatApi18$Callback)
android.support.v4.media.session.MediaSessionCompatApi18$OnPlaybackPositionUpdateListener: void onPlaybackPositionUpdate(long)
android.support.v4.media.session.MediaSessionCompatApi19
android.support.v4.media.session.MediaSessionCompatApi19: long ACTION_SET_RATING
android.support.v4.media.session.MediaSessionCompatApi19: java.lang.String METADATA_KEY_USER_RATING
android.support.v4.media.session.MediaSessionCompatApi19: java.lang.String METADATA_KEY_RATING
android.support.v4.media.session.MediaSessionCompatApi19: java.lang.String METADATA_KEY_YEAR
android.support.v4.media.session.MediaSessionCompatApi19: MediaSessionCompatApi19()
android.support.v4.media.session.MediaSessionCompatApi19: void setTransportControlFlags(java.lang.Object,long)
android.support.v4.media.session.MediaSessionCompatApi19: java.lang.Object createMetadataUpdateListener(android.support.v4.media.session.MediaSessionCompatApi19$Callback)
android.support.v4.media.session.MediaSessionCompatApi19: void setMetadata(java.lang.Object,android.os.Bundle,long)
android.support.v4.media.session.MediaSessionCompatApi19: void setOnMetadataUpdateListener(java.lang.Object,java.lang.Object)
android.support.v4.media.session.MediaSessionCompatApi19: int getRccTransportControlFlagsFromActions(long)
android.support.v4.media.session.MediaSessionCompatApi19: void addNewMetadata(android.os.Bundle,android.media.RemoteControlClient$MetadataEditor)
android.support.v4.media.session.MediaSessionCompatApi19$Callback
android.support.v4.media.session.MediaSessionCompatApi19$Callback: void onSetRating(java.lang.Object)
android.support.v4.media.session.MediaSessionCompatApi19$OnMetadataUpdateListener
android.support.v4.media.session.MediaSessionCompatApi19$OnMetadataUpdateListener: android.support.v4.media.session.MediaSessionCompatApi19$Callback mCallback
android.support.v4.media.session.MediaSessionCompatApi19$OnMetadataUpdateListener: MediaSessionCompatApi19$OnMetadataUpdateListener(android.support.v4.media.session.MediaSessionCompatApi19$Callback)
android.support.v4.media.session.MediaSessionCompatApi19$OnMetadataUpdateListener: void onMetadataUpdate(int,java.lang.Object)