app/build/outputs/mapping/release/mapping.txt
pro.kisscat.www.bookmarkhelper.R -> pro.kisscat.www.bookmarkhelper.R:
pro.kisscat.www.bookmarkhelper.R$anim -> pro.kisscat.www.bookmarkhelper.R$anim:
    int abc_fade_in -> abc_fade_in
    int abc_fade_out -> abc_fade_out
    int abc_grow_fade_in_from_bottom -> abc_grow_fade_in_from_bottom
    int abc_popup_enter -> abc_popup_enter
    int abc_popup_exit -> abc_popup_exit
    int abc_shrink_fade_out_from_bottom -> abc_shrink_fade_out_from_bottom
    int abc_slide_in_bottom -> abc_slide_in_bottom
    int abc_slide_in_top -> abc_slide_in_top
    int abc_slide_out_bottom -> abc_slide_out_bottom
    int abc_slide_out_top -> abc_slide_out_top
    int anim_layout -> anim_layout
    int design_appbar_state_list_animator -> design_appbar_state_list_animator
    int design_bottom_sheet_slide_in -> design_bottom_sheet_slide_in
    int design_bottom_sheet_slide_out -> design_bottom_sheet_slide_out
    int design_fab_in -> design_fab_in
    int design_fab_out -> design_fab_out
    int design_snackbar_in -> design_snackbar_in
    int design_snackbar_out -> design_snackbar_out
    int from_bottom_to_top -> from_bottom_to_top
    11:11:void <init>() -> <init>
pro.kisscat.www.bookmarkhelper.R$attr -> pro.kisscat.www.bookmarkhelper.R$attr:
    int actionBarDivider -> actionBarDivider
    int actionBarItemBackground -> actionBarItemBackground
    int actionBarPopupTheme -> actionBarPopupTheme
    int actionBarSize -> actionBarSize
    int actionBarSplitStyle -> actionBarSplitStyle
    int actionBarStyle -> actionBarStyle
    int actionBarTabBarStyle -> actionBarTabBarStyle
    int actionBarTabStyle -> actionBarTabStyle
    int actionBarTabTextStyle -> actionBarTabTextStyle
    int actionBarTheme -> actionBarTheme
    int actionBarWidgetTheme -> actionBarWidgetTheme
    int actionButtonStyle -> actionButtonStyle
    int actionDropDownStyle -> actionDropDownStyle
    int actionLayout -> actionLayout
    int actionMenuTextAppearance -> actionMenuTextAppearance
    int actionMenuTextColor -> actionMenuTextColor
    int actionModeBackground -> actionModeBackground
    int actionModeCloseButtonStyle -> actionModeCloseButtonStyle
    int actionModeCloseDrawable -> actionModeCloseDrawable
    int actionModeCopyDrawable -> actionModeCopyDrawable
    int actionModeCutDrawable -> actionModeCutDrawable
    int actionModeFindDrawable -> actionModeFindDrawable
    int actionModePasteDrawable -> actionModePasteDrawable
    int actionModePopupWindowStyle -> actionModePopupWindowStyle
    int actionModeSelectAllDrawable -> actionModeSelectAllDrawable
    int actionModeShareDrawable -> actionModeShareDrawable
pro.kisscat.www.bookmarkhelper.R$bool -> pro.kisscat.www.bookmarkhelper.R$bool:
    int abc_action_bar_embed_tabs -> abc_action_bar_embed_tabs
    int abc_allow_stacked_button_bar -> abc_allow_stacked_button_bar
    int abc_config_actionMenuItemAllCaps -> abc_config_actionMenuItemAllCaps
    int abc_config_closeDialogWhenTouchOutside -> abc_config_closeDialogWhenTouchOutside
    int abc_config_showMenuShortcutsWhenKeyboardPresent -> abc_config_showMenuShortcutsWhenKeyboardPresent
    2273:2273:void <init>() -> <init>
...
android.support.v4.app.NotificationCompat$Extender -> android.support.v4.app.NotificationCompat$Extender:
    android.support.v4.app.NotificationCompat$Builder extend(android.support.v4.app.NotificationCompat$Builder) -> extend
android.support.v4.app.NotificationCompat$InboxStyle -> android.support.v4.app.NotificationCompat$InboxStyle:
    java.util.ArrayList mTexts -> mTexts
    2273:2276:void <init>() -> <init>
    2273:2280:void <init>(android.support.v4.app.NotificationCompat$Builder) -> <init>
    2287:2288:android.support.v4.app.NotificationCompat$InboxStyle setBigContentTitle(java.lang.CharSequence) -> setBigContentTitle
    2295:2297:android.support.v4.app.NotificationCompat$InboxStyle setSummaryText(java.lang.CharSequence) -> setSummaryText
    2304:2305:android.support.v4.app.NotificationCompat$InboxStyle addLine(java.lang.CharSequence) -> addLine
android.support.v4.app.NotificationCompat$MessagingStyle -> android.support.v4.app.NotificationCompat$MessagingStyle:
    int MAXIMUM_RETAINED_MESSAGES -> MAXIMUM_RETAINED_MESSAGES
    java.lang.CharSequence mUserDisplayName -> mUserDisplayName
    java.lang.CharSequence mConversationTitle -> mConversationTitle
    java.util.List mMessages -> mMessages
    1950:1953:void <init>() -> <init>
    1950:1963:void <init>(java.lang.CharSequence) -> <init>
    1969:1969:java.lang.CharSequence getUserDisplayName() -> getUserDisplayName
    1979:1980:android.support.v4.app.NotificationCompat$MessagingStyle setConversationTitle(java.lang.CharSequence) -> setConversationTitle
    1988:1988:java.lang.CharSequence getConversationTitle() -> getConversationTitle
    2007:2011:android.support.v4.app.NotificationCompat$MessagingStyle addMessage(java.lang.CharSequence,long,java.lang.CharSequence) -> addMessage
    2020:2024:android.support.v4.app.NotificationCompat$MessagingStyle addMessage(android.support.v4.app.NotificationCompat$MessagingStyle$Message) -> addMessage
    2031:2031:java.util.List getMessages() -> getMessages
    2043:2054:android.support.v4.app.NotificationCompat$MessagingStyle extractMessagingStyleFromNotification(android.app.Notification) -> extractMessagingStyleFromNotification
    2059:2069:void addCompatExtras(android.os.Bundle) -> addCompatExtras
    2076:2083:void restoreFromCompatExtras(android.os.Bundle) -> restoreFromCompatExtras
android.support.v4.app.NotificationCompat$MessagingStyle$Message -> android.support.v4.app.NotificationCompat$MessagingStyle$Message:
    java.lang.String KEY_TEXT -> KEY_TEXT
    java.lang.String KEY_TIMESTAMP -> KEY_TIMESTAMP
    java.lang.String KEY_SENDER -> KEY_SENDER
    java.lang.String KEY_DATA_MIME_TYPE -> KEY_DATA_MIME_TYPE
    java.lang.String KEY_DATA_URI -> KEY_DATA_URI
    java.lang.CharSequence mText -> mText
    long mTimestamp -> mTimestamp
    java.lang.CharSequence mSender -> mSender
    java.lang.String mDataMimeType -> mDataMimeType
    android.net.Uri mDataUri -> mDataUri
    2110:2114:void <init>(java.lang.CharSequence,long,java.lang.CharSequence) -> <init>
    2144:2146:android.support.v4.app.NotificationCompat$MessagingStyle$Message setData(java.lang.String,android.net.Uri) -> setData
    2154:2154:java.lang.CharSequence getText() -> getText
    2161:2161:long getTimestamp() -> getTimestamp
    2168:2168:java.lang.CharSequence getSender() -> getSender
    2175:2175:java.lang.String getDataMimeType() -> getDataMimeType
    2183:2183:android.net.Uri getDataUri() -> getDataUri
    2187:2201:android.os.Bundle toBundle() -> toBundle
    2205:2210:android.os.Bundle[] getBundleArrayForMessages(java.util.List) -> getBundleArrayForMessages
    2214:2223:java.util.List getMessagesFromBundleArray(android.os.Parcelable[]) -> getMessagesFromBundleArray