app/build/outputs/mapping/release/usage.txt
pro.kisscat.www.bookmarkhelper.BuildConfig
pro.kisscat.www.bookmarkhelper.R:
    10:10:public R()
pro.kisscat.www.bookmarkhelper.common.shared.BuildConfig
pro.kisscat.www.bookmarkhelper.common.shared.MetaData
pro.kisscat.www.bookmarkhelper.converter.support.BasicBroswer:
    protected int bookmarkSum
    58:58:public int readBookmarkSum(android.content.Context)
pro.kisscat.www.bookmarkhelper.converter.support.Broswerable
pro.kisscat.www.bookmarkhelper.converter.support.ConverterMaster:
    32:32:public ConverterMaster()
pro.kisscat.www.bookmarkhelper.converter.support.impl.ChromeBroswer:
    private static final java.lang.String TAG
    private static final java.lang.String packageName
    private static final java.lang.String fileName_origin
    47:50:public int readBookmarkSum(android.content.Context)
pro.kisscat.www.bookmarkhelper.converter.support.impl.Flyme5Broswer:
    private static final java.lang.String TAG
    private static final java.lang.String packageName
    private static final java.lang.String fileName_origin
    44:47:public int readBookmarkSum(android.content.Context)
pro.kisscat.www.bookmarkhelper.converter.support.impl.QQBroswer:
    private static final java.lang.String TAG
    private static final java.lang.String packageName
    private static final java.lang.String fileName_origin
    51:54:public int readBookmarkSum(android.content.Context)
pro.kisscat.www.bookmarkhelper.converter.support.impl.Qihoo360Broswer:
    private static final java.lang.String TAG
    private static final java.lang.String packageName
    48:51:public int readBookmarkSum(android.content.Context)
pro.kisscat.www.bookmarkhelper.converter.support.impl.UCBroswer:
    private static final java.lang.String TAG
    private static final java.lang.String packageName
    private static final java.lang.String fileName_origin
    45:48:public int readBookmarkSum(android.content.Context)
pro.kisscat.www.bookmarkhelper.converter.support.impl.XBroswer:
    private static final java.lang.String TAG
    private static final java.lang.String packageName
    private static final java.lang.String fileName_origin
    44:47:public int readBookmarkSum(android.content.Context)
pro.kisscat.www.bookmarkhelper.converter.support.impl.via.ViaBroswerable:
    public static final java.lang.String packageName
    60:63:public int readBookmarkSum(android.content.Context)
pro.kisscat.www.bookmarkhelper.converter.support.impl.via.impl.ViaStage1Broswer:
    private static final java.lang.String TAG
    private static final java.lang.String fileName_origin
pro.kisscat.www.bookmarkhelper.converter.support.impl.via.impl.ViaStage2Broswer:
    private static final java.lang.String TAG
    public static final int minVersionCode
    private static final java.lang.String fileName_origin
    private static final java.lang.String tableName
pro.kisscat.www.bookmarkhelper.database.SQLite.DBHelper:
    18:18:public DBHelper()
pro.kisscat.www.bookmarkhelper.util.Path:
    14:14:public Path()
pro.kisscat.www.bookmarkhelper.util.appList.AppListUtil:
    27:27:public AppListUtil()
pro.kisscat.www.bookmarkhelper.util.command.CommandUtil:
    private static final java.lang.String COMMAND_SU
    private static final java.lang.String COMMAND_EXIT
    private static final java.lang.String COMMAND_LINE_END
pro.kisscat.www.bookmarkhelper.util.context.ContextUtil:
    16:16:public ContextUtil()
pro.kisscat.www.bookmarkhelper.util.file.FileUtil:
    14:14:public FileUtil()
...
com.flyco.animation.ZoomExit.ZoomInExit
com.flyco.animation.ZoomExit.ZoomOutBottomExit
com.flyco.animation.ZoomExit.ZoomOutExit
com.flyco.animation.ZoomExit.ZoomOutLeftExit
com.flyco.animation.ZoomExit.ZoomOutRightExit
com.flyco.animation.ZoomExit.ZoomOutTopExit
com.flyco.dialog.BuildConfig
com.flyco.dialog.R:
    9:9:public R()
com.flyco.dialog.entity.DialogMenuItem
com.flyco.dialog.listener.OnOperItemClickL
com.flyco.dialog.utils.CornerUtils:
    11:11:public CornerUtils()
    29:34:public static android.graphics.drawable.Drawable cornerDrawable(int,float[],int,int)
    69:83:public static android.graphics.drawable.StateListDrawable listItemSelector(float,int,int,boolean)
    92:114:public static android.graphics.drawable.StateListDrawable listItemSelector(float,int,int,int,int)
com.flyco.dialog.utils.StatusBarUtils:
    11:11:public StatusBarUtils()
com.flyco.dialog.widget.ActionSheetDialog
com.flyco.dialog.widget.ActionSheetDialog$1
com.flyco.dialog.widget.ActionSheetDialog$2
com.flyco.dialog.widget.ActionSheetDialog$ListDialogAdapter
com.flyco.dialog.widget.MaterialDialog
com.flyco.dialog.widget.NormalDialog:
    public static final int STYLE_ONE
    public static final int STYLE_TWO
    149:150:public com.flyco.dialog.widget.NormalDialog style(int)
    155:156:public com.flyco.dialog.widget.NormalDialog titleLineColor(int)
    161:162:public com.flyco.dialog.widget.NormalDialog titleLineHeight(float)
    167:168:public com.flyco.dialog.widget.NormalDialog dividerColor(int)
com.flyco.dialog.widget.NormalListDialog
com.flyco.dialog.widget.NormalListDialog$1
com.flyco.dialog.widget.NormalListDialog$ListDialogAdapter
com.flyco.dialog.widget.base.BaseDialog:
    77:79:public BaseDialog(android.content.Context,boolean)
    144:144:public android.view.View getCreateView()
    275:278:public void show(int)
    282:291:public void showAtLocation(int,int,int)
    295:297:public void showAtLocation(int,int)
    301:306:public com.flyco.dialog.widget.base.BaseDialog dimEnabled(boolean)
    317:318:public com.flyco.dialog.widget.base.BaseDialog heightScale(float)
    335:336:public com.flyco.dialog.widget.base.BaseDialog autoDismiss(boolean)
    341:342:public com.flyco.dialog.widget.base.BaseDialog autoDismissDelay(long)
com.flyco.dialog.widget.base.BottomBaseDialog
com.flyco.dialog.widget.base.BottomBaseDialog$1
com.flyco.dialog.widget.base.BottomBaseDialog$WindowInAs
com.flyco.dialog.widget.base.BottomBaseDialog$WindowOutAs
com.flyco.dialog.widget.base.BottomTopBaseDialog
com.flyco.dialog.widget.base.BottomTopBaseDialog$1
com.flyco.dialog.widget.base.BottomTopBaseDialog$2
com.flyco.dialog.widget.base.TopBaseDialog
com.flyco.dialog.widget.base.TopBaseDialog$1
com.flyco.dialog.widget.base.TopBaseDialog$WindowInAs
com.flyco.dialog.widget.base.TopBaseDialog$WindowOutAs
com.flyco.dialog.widget.internal.BaseAlertDialog:
    189:190:public com.flyco.dialog.widget.internal.BaseAlertDialog titleTextColor(int)
    195:196:public com.flyco.dialog.widget.internal.BaseAlertDialog titleTextSize(float)
    213:214:public com.flyco.dialog.widget.internal.BaseAlertDialog contentGravity(int)
    219:220:public com.flyco.dialog.widget.internal.BaseAlertDialog contentTextColor(int)
    225:226:public com.flyco.dialog.widget.internal.BaseAlertDialog contentTextSize(float)
    301:316:public varargs com.flyco.dialog.widget.internal.BaseAlertDialog btnTextSize(float[])
    321:322:public com.flyco.dialog.widget.internal.BaseAlertDialog btnPressColor(int)
    327:328:public com.flyco.dialog.widget.internal.BaseAlertDialog cornerRadius(float)
    333:334:public com.flyco.dialog.widget.internal.BaseAlertDialog bgColor(int)
com.flyco.dialog.widget.internal.InternalBasePopup
com.flyco.dialog.widget.internal.InternalBasePopup$1
com.flyco.dialog.widget.popup.BubblePopup
com.flyco.dialog.widget.popup.base.BaseBubblePopup
com.flyco.dialog.widget.popup.base.BasePopup
javax.annotation.Generated
javax.annotation.PostConstruct
javax.annotation.PreDestroy